<?xml version="1.0" encoding="UTF-8" standalone="no"?>
<project xmlns="http://maven.apache.org/POM/4.0.0" xmlns:xsi="http://www.w3.org/2001/XMLSchema-instance" xsi:schemaLocation="http://maven.apache.org/POM/4.0.0 https://maven.apache.org/xsd/maven-4.0.0.xsd">

    <modelVersion>4.0.0</modelVersion>

    <groupId>io.github.awesome-java-web</groupId>
    <artifactId>test-pom-dependencies-include-dependency-tags</artifactId>
    <version>1.0.0</version>

    <dependencies>
        <dependency>
            <groupId>com.google</groupId>
            <artifactId>guava</artifactId>
            <version>33.3.1-jre</version>
        </dependency>
        <dependency>
            <groupId>org.apache.commons</groupId>
            <artifactId>commons-collections4</artifactId>
            <version>4.4</version>
        </dependency>
        <dependency>
            <groupId>org.apache.commons</groupId>
            <artifactId>commons-lang3</artifactId>
            <version>3.17.0</version>
        </dependency>
    </dependencies>

</project>
