<?xml version="1.0" encoding="UTF-8" standalone="no"?>
<project xmlns="http://maven.apache.org/POM/4.0.0" xmlns:xsi="http://www.w3.org/2001/XMLSchema-instance" xsi:schemaLocation="http://maven.apache.org/POM/4.0.0 https://maven.apache.org/xsd/maven-4.0.0.xsd">

    <modelVersion>4.0.0</modelVersion>

    <groupId>io.github.awesome-java-web</groupId>
    <artifactId>test-pom-properties-include-child-nodes</artifactId>
    <version>1.1.0</version>

    <properties>
        <java.version>1.8</java.version>
        <!-- This is the kotlin version -->
        <kotlin.version>2.1.0</kotlin.version>
        <maven.compiler.source>${java.version}</maven.compiler.source>
        <maven.compiler.target>${java.version}</maven.compiler.target>
        <project.build.sourceEncoding>UTF-8</project.build.sourceEncoding>
        <project.reporting.outputEncoding>UTF-8</project.reporting.outputEncoding>
        <!--==================== maven plugin versions ====================-->
        <jacoco-maven-plugin.version>0.8.12</jacoco-maven-plugin.version>
        <maven-gpg-plugin.version>3.1.0</maven-gpg-plugin.version>
        <!-- This is the maven-javadoc-plugin version -->
        <maven-javadoc-plugin.version>3.6.3</maven-javadoc-plugin.version>
        <maven-source-plugin.version>3.3.0</maven-source-plugin.version>
        <maven-surefire-plugin.version>3.2.3</maven-surefire-plugin.version>
        <nexus-staging-maven-plugin.version>1.6.13</nexus-staging-maven-plugin.version>
    </properties>

</project>
