<?xml version="1.0" encoding="UTF-8" standalone="no"?>
<project xmlns="http://maven.apache.org/POM/4.0.0" xmlns:xsi="http://www.w3.org/2001/XMLSchema-instance" xsi:schemaLocation="http://maven.apache.org/POM/4.0.0 https://maven.apache.org/xsd/maven-4.0.0.xsd">

    <modelVersion>4.0.0</modelVersion>

    <groupId>io.github.awesome-java-web</groupId>
    <artifactId>test-pom-properties-include-child-nodes</artifactId>
    <version>1.1.0</version>

    <properties>
        <java.version>1.8</java.version>
        <maven.compiler.source>${java.version}</maven.compiler.source>
        <commons-collections4.version>4.4</commons-collections4.version>
        <guava.version>33.3.1-jre</guava.version>
    </properties>

</project>
