<?xml version="1.0" encoding="UTF-8" standalone="no"?>
<project xmlns="http://maven.apache.org/POM/4.0.0" xmlns:xsi="http://www.w3.org/2001/XMLSchema-instance" xsi:schemaLocation="http://maven.apache.org/POM/4.0.0 https://maven.apache.org/xsd/maven-4.0.0.xsd">

    <modelVersion>4.0.0</modelVersion>

    <groupId>io.github.innobuds</groupId>
    <artifactId>test-pom-properties-include-child-nodes</artifactId>
    <version>1.1.0</version>

    <properties>
        <java.version>1.8</java.version>
        <!-- This is the kotlin version -->
        <kotlin.version>2.1.0</kotlin.version>
        <maven.compiler.source>${java.version}</maven.compiler.source>
        <maven.compiler.target>${java.version}</maven.compiler.target>
        <project.build.sourceEncoding>UTF-8</project.build.sourceEncoding>
        <project.reporting.outputEncoding>UTF-8</project.reporting.outputEncoding>
        <!--==================== maven plugin versions ====================-->
        <jacoco-maven-plugin.version>0.8.12</jacoco-maven-plugin.version>
        <maven-gpg-plugin.version>3.1.0</maven-gpg-plugin.version>
        <maven-javadoc-plugin.version>3.6.3</maven-javadoc-plugin.version>
        <maven-source-plugin.version>3.3.0</maven-source-plugin.version>
        <maven-surefire-plugin.version>3.2.3</maven-surefire-plugin.version>
        <nexus-staging-maven-plugin.version>1.6.13</nexus-staging-maven-plugin.version>
        <!--==================== dependency versions ======================-->
        <commons-codec.version>1.17.1</commons-codec.version>
        <fastjson.version>1.2.83</fastjson.version>
        <groovy-sandbox.version>1.19</groovy-sandbox.version>
        <groovy.version>4.0.6</groovy.version>
        <guava.version>33.3.1-jre</guava.version>
        <h2.version>2.2.224</h2.version>
        <jsch.version>0.2.21</jsch.version>
        <junit5.version>5.10.2</junit5.version>
        <mybatis.version>3.5.15</mybatis.version>
        <slf4j-api.version>2.0.16</slf4j-api.version>
        <!-- mock sftp server -->
        <sshd-sftp.version>2.14.0</sshd-sftp.version>
    </properties>

</project>
