<?xml version="1.0" encoding="UTF-8" standalone="no"?>
<project xmlns="http://maven.apache.org/POM/4.0.0" xmlns:xsi="http://www.w3.org/2001/XMLSchema-instance" xsi:schemaLocation="http://maven.apache.org/POM/4.0.0 https://maven.apache.org/xsd/maven-4.0.0.xsd">

    <modelVersion>4.0.0</modelVersion>

    <groupId>io.github.awesome-java-web</groupId>
    <artifactId>test-pom-properties-include-child-nodes</artifactId>
    <version>1.1.0</version>

    <properties>
        <java.version>1.8</java.version>
        <kotlin.version>2.1.0</kotlin.version>
        <maven.compiler.source>${java.version}</maven.compiler.source>
        <commons-collections4.version>4.4</commons-collections4.version>
        <commons-lang3.version>3.17.0</commons-lang3.version>
        <!--============================= dependency version numbers ===========================-->
        <guava.version>33.3.1-jre</guava.version>
        <maven-compiler-plugin.version>3.8.1</maven-compiler-plugin.version>
        <!--============================= plugin version numbers ===============================-->
        <maven-jar-plugin.version>3.2.0</maven-jar-plugin.version>
        <maven-surefire-plugin.version>3.2.3</maven-surefire-plugin.version>
    </properties>

</project>
