<?xml version="1.0" encoding="UTF-8" standalone="no"?>
<project xmlns="http://maven.apache.org/POM/4.0.0" xmlns:xsi="http://www.w3.org/2001/XMLSchema-instance" xsi:schemaLocation="http://maven.apache.org/POM/4.0.0 https://maven.apache.org/xsd/maven-4.0.0.xsd">

    <modelVersion>4.0.0</modelVersion>

    <groupId>io.github.innobuds</groupId>
    <artifactId>test-pom-dependencies-include-dependency-tags</artifactId>
    <version>1.0.0</version>

    <dependencies>
        <!-- https://mvnrepository.com/artifact/com.alibaba/fastjson -->
        <dependency>
            <groupId>com.alibaba</groupId>
            <artifactId>fastjson</artifactId>
            <version>1.2.83</version>
        </dependency>
        <dependency>
            <groupId>com.google</groupId>
            <artifactId>guava</artifactId>
            <version>33.3.1-jre</version>
        </dependency>
        <!-- https://mvnrepository.com/artifact/org.apache.commons/commons-collections4 -->
        <dependency>
            <groupId>org.apache.commons</groupId>
            <artifactId>commons-collections4</artifactId>
            <version>4.4</version>
        </dependency>
        <dependency>
            <groupId>org.apache.commons</groupId>
            <artifactId>commons-lang3</artifactId>
            <version>3.17.0</version>
        </dependency>
    </dependencies>

    <build>
        <plugins>
            <!-- https://mvnrepository.com/artifact/org.apache.maven.plugins/maven-gpg-plugin -->
            <plugin>
                <groupId>org.apache.maven.plugins</groupId>
                <artifactId>maven-gpg-plugin</artifactId>
                <version>3.2.0</version>
            </plugin>
            <plugin>
                <groupId>org.apache.maven.plugins</groupId>
                <artifactId>maven-javadoc-plugin</artifactId>
                <version>3.6.3</version>
            </plugin>
            <!-- https://mvnrepository.com/artifact/org.apache.maven.plugins/maven-source-plugin -->
            <plugin>
                <groupId>org.apache.maven.plugins</groupId>
                <artifactId>maven-source-plugin</artifactId>
                <version>3.3.0</version>
            </plugin>
        </plugins>
    </build>

</project>
